# Logfile created on Wed Jan 27 23:28:42 -0500 2010 by /
  [4;36;1mSQL (0.2ms)[0m   [0;1mSET NAMES 'utf8'[0m
  [4;35;1mSQL (0.1ms)[0m   [0mSET SQL_AUTO_IS_NULL=0[0m
  [4;36;1mSQL (0.3ms)[0m   [0;1mSHOW TABLES[0m
  [4;35;1mSQL (85.3ms)[0m   [0mCREATE TABLE `relationships` (`id` int(11) DEFAULT NULL auto_increment PRIMARY KEY, `requestor_id` int(11) NOT NULL, `requestor_type` varchar(255) NOT NULL, `requestee_id` int(11) NOT NULL, `requestee_type` varchar(255) NOT NULL, `restricted` tinyint(1) DEFAULT 1, `created_at` datetime, `updated_at` datetime) ENGINE=InnoDB[0m
  [4;36;1mSQL (1.3ms)[0m   [0;1mSHOW TABLES[0m
  [4;35;1mSQL (250.3ms)[0m   [0mCREATE TABLE `friend_class` (`id` int(11) DEFAULT NULL auto_increment PRIMARY KEY, `created_at` datetime, `updated_at` datetime) ENGINE=InnoDB[0m
  [4;36;1mSQL (0.6ms)[0m   [0;1mSHOW TABLES[0m
  [4;35;1mSQL (136.6ms)[0m   [0mCREATE TABLE `follower_class` (`id` int(11) DEFAULT NULL auto_increment PRIMARY KEY, `created_at` datetime, `updated_at` datetime) ENGINE=InnoDB[0m
  [4;36;1mSQL (0.8ms)[0m   [0;1mSHOW TABLES[0m
  [4;35;1mSQL (108.9ms)[0m   [0mCREATE TABLE `schema_migrations` (`version` varchar(255) NOT NULL) ENGINE=InnoDB[0m
  [4;36;1mSQL (136.4ms)[0m   [0;1mCREATE UNIQUE INDEX `unique_schema_migrations` ON `schema_migrations` (`version`)[0m
  [4;35;1mSQL (0.6ms)[0m   [0mSHOW TABLES[0m
  [4;36;1mSQL (0.4ms)[0m   [0;1mSELECT version FROM `schema_migrations`[0m
  [4;35;1mSQL (0.9ms)[0m   [0mINSERT INTO `schema_migrations` (version) VALUES ('0')[0m
  [4;36;1mFollowerClass Columns (0.0ms)[0m   [0;1mMysql::Error: Table 'socially_active_test.follower_classes' doesn't exist: SHOW FIELDS FROM `follower_classes`[0m
  [4;36;1mSQL (0.1ms)[0m   [0;1mSET NAMES 'utf8'[0m
  [4;35;1mSQL (0.1ms)[0m   [0mSET SQL_AUTO_IS_NULL=0[0m
  [4;36;1mSQL (0.3ms)[0m   [0;1mSHOW TABLES[0m
  [4;35;1mSQL (51.5ms)[0m   [0mCREATE TABLE `relationships` (`id` int(11) DEFAULT NULL auto_increment PRIMARY KEY, `requestor_id` int(11) NOT NULL, `requestor_type` varchar(255) NOT NULL, `requestee_id` int(11) NOT NULL, `requestee_type` varchar(255) NOT NULL, `restricted` tinyint(1) DEFAULT 1, `created_at` datetime, `updated_at` datetime) ENGINE=InnoDB[0m
  [4;36;1mSQL (0.7ms)[0m   [0;1mSHOW TABLES[0m
  [4;35;1mSQL (156.1ms)[0m   [0mCREATE TABLE `friend_classes` (`id` int(11) DEFAULT NULL auto_increment PRIMARY KEY, `created_at` datetime, `updated_at` datetime) ENGINE=InnoDB[0m
  [4;36;1mSQL (0.6ms)[0m   [0;1mSHOW TABLES[0m
  [4;35;1mSQL (107.3ms)[0m   [0mCREATE TABLE `follower_classes` (`id` int(11) DEFAULT NULL auto_increment PRIMARY KEY, `created_at` datetime, `updated_at` datetime) ENGINE=InnoDB[0m
  [4;36;1mSQL (0.5ms)[0m   [0;1mSHOW TABLES[0m
  [4;35;1mSQL (122.1ms)[0m   [0mCREATE TABLE `schema_migrations` (`version` varchar(255) NOT NULL) ENGINE=InnoDB[0m
  [4;36;1mSQL (126.6ms)[0m   [0;1mCREATE UNIQUE INDEX `unique_schema_migrations` ON `schema_migrations` (`version`)[0m
  [4;35;1mSQL (0.5ms)[0m   [0mSHOW TABLES[0m
  [4;36;1mSQL (0.7ms)[0m   [0;1mSELECT version FROM `schema_migrations`[0m
  [4;35;1mSQL (1.3ms)[0m   [0mINSERT INTO `schema_migrations` (version) VALUES ('0')[0m
  [4;36;1mFollowerClass Columns (1.6ms)[0m   [0;1mSHOW FIELDS FROM `follower_classes`[0m
  [4;36;1mSQL (0.1ms)[0m   [0;1mSET NAMES 'utf8'[0m
  [4;35;1mSQL (0.1ms)[0m   [0mSET SQL_AUTO_IS_NULL=0[0m
  [4;36;1mSQL (0.4ms)[0m   [0;1mSHOW TABLES[0m
  [4;35;1mSQL (1.6ms)[0m   [0mDROP TABLE `relationships`[0m
  [4;36;1mSQL (86.4ms)[0m   [0;1mCREATE TABLE `relationships` (`id` int(11) DEFAULT NULL auto_increment PRIMARY KEY, `requestor_id` int(11) NOT NULL, `requestor_type` varchar(255) NOT NULL, `requestee_id` int(11) NOT NULL, `requestee_type` varchar(255) NOT NULL, `restricted` tinyint(1) DEFAULT 1, `created_at` datetime, `updated_at` datetime) ENGINE=InnoDB[0m
  [4;35;1mSQL (0.5ms)[0m   [0mSHOW TABLES[0m
  [4;36;1mSQL (27.1ms)[0m   [0;1mDROP TABLE `friend_classes`[0m
  [4;35;1mSQL (304.9ms)[0m   [0mCREATE TABLE `friend_classes` (`id` int(11) DEFAULT NULL auto_increment PRIMARY KEY, `created_at` datetime, `updated_at` datetime) ENGINE=InnoDB[0m
  [4;36;1mSQL (0.7ms)[0m   [0;1mSHOW TABLES[0m
  [4;35;1mSQL (2.2ms)[0m   [0mDROP TABLE `follower_classes`[0m
  [4;36;1mSQL (109.1ms)[0m   [0;1mCREATE TABLE `follower_classes` (`id` int(11) DEFAULT NULL auto_increment PRIMARY KEY, `created_at` datetime, `updated_at` datetime) ENGINE=InnoDB[0m
  [4;35;1mSQL (1.0ms)[0m   [0mSHOW TABLES[0m
  [4;36;1mSQL (0.5ms)[0m   [0;1mSELECT version FROM `schema_migrations`[0m
  [4;35;1mFollowerClass Columns (1.5ms)[0m   [0mSHOW FIELDS FROM `follower_classes`[0m
  [4;36;1mSQL (0.1ms)[0m   [0;1mSET NAMES 'utf8'[0m
  [4;35;1mSQL (0.1ms)[0m   [0mSET SQL_AUTO_IS_NULL=0[0m
  [4;36;1mSQL (0.4ms)[0m   [0;1mSHOW TABLES[0m
  [4;35;1mSQL (1.8ms)[0m   [0mDROP TABLE `relationships`[0m
  [4;36;1mSQL (66.2ms)[0m   [0;1mCREATE TABLE `relationships` (`id` int(11) DEFAULT NULL auto_increment PRIMARY KEY, `requestor_id` int(11) NOT NULL, `requestor_type` varchar(255) NOT NULL, `requestee_id` int(11) NOT NULL, `requestee_type` varchar(255) NOT NULL, `restricted` tinyint(1) DEFAULT 1, `created_at` datetime, `updated_at` datetime) ENGINE=InnoDB[0m
  [4;35;1mSQL (0.7ms)[0m   [0mSHOW TABLES[0m
  [4;36;1mSQL (2.5ms)[0m   [0;1mDROP TABLE `friend_classes`[0m
  [4;35;1mSQL (159.2ms)[0m   [0mCREATE TABLE `friend_classes` (`id` int(11) DEFAULT NULL auto_increment PRIMARY KEY, `created_at` datetime, `updated_at` datetime) ENGINE=InnoDB[0m
  [4;36;1mSQL (0.7ms)[0m   [0;1mSHOW TABLES[0m
  [4;35;1mSQL (2.1ms)[0m   [0mDROP TABLE `follower_classes`[0m
  [4;36;1mSQL (107.7ms)[0m   [0;1mCREATE TABLE `follower_classes` (`id` int(11) DEFAULT NULL auto_increment PRIMARY KEY, `created_at` datetime, `updated_at` datetime) ENGINE=InnoDB[0m
  [4;35;1mSQL (0.6ms)[0m   [0mSHOW TABLES[0m
  [4;36;1mSQL (0.3ms)[0m   [0;1mSELECT version FROM `schema_migrations`[0m
  [4;35;1mFollowerClass Columns (1.5ms)[0m   [0mSHOW FIELDS FROM `follower_classes`[0m
  [4;36;1mSQL (0.2ms)[0m   [0;1mSET NAMES 'utf8'[0m
  [4;35;1mSQL (0.1ms)[0m   [0mSET SQL_AUTO_IS_NULL=0[0m
  [4;36;1mSQL (0.4ms)[0m   [0;1mSHOW TABLES[0m
  [4;35;1mSQL (1.8ms)[0m   [0mDROP TABLE `relationships`[0m
  [4;36;1mSQL (79.0ms)[0m   [0;1mCREATE TABLE `relationships` (`id` int(11) DEFAULT NULL auto_increment PRIMARY KEY, `requestor_id` int(11) NOT NULL, `requestor_type` varchar(255) NOT NULL, `requestee_id` int(11) NOT NULL, `requestee_type` varchar(255) NOT NULL, `restricted` tinyint(1) DEFAULT 1, `created_at` datetime, `updated_at` datetime) ENGINE=InnoDB[0m
  [4;35;1mSQL (0.7ms)[0m   [0mSHOW TABLES[0m
  [4;36;1mSQL (2.6ms)[0m   [0;1mDROP TABLE `friend_classes`[0m
  [4;35;1mSQL (183.4ms)[0m   [0mCREATE TABLE `friend_classes` (`id` int(11) DEFAULT NULL auto_increment PRIMARY KEY, `created_at` datetime, `updated_at` datetime) ENGINE=InnoDB[0m
  [4;36;1mSQL (1.1ms)[0m   [0;1mSHOW TABLES[0m
  [4;35;1mSQL (2.0ms)[0m   [0mDROP TABLE `follower_classes`[0m
  [4;36;1mSQL (107.7ms)[0m   [0;1mCREATE TABLE `follower_classes` (`id` int(11) DEFAULT NULL auto_increment PRIMARY KEY, `created_at` datetime, `updated_at` datetime) ENGINE=InnoDB[0m
  [4;35;1mSQL (1.5ms)[0m   [0mSHOW TABLES[0m
  [4;36;1mSQL (0.7ms)[0m   [0;1mSELECT version FROM `schema_migrations`[0m
  [4;35;1mFollowerClass Columns (1.5ms)[0m   [0mSHOW FIELDS FROM `follower_classes`[0m
  [4;36;1mFriendClass Columns (1.6ms)[0m   [0;1mSHOW FIELDS FROM `friend_classes`[0m
  [4;36;1mSQL (0.1ms)[0m   [0;1mSET NAMES 'utf8'[0m
  [4;35;1mSQL (0.1ms)[0m   [0mSET SQL_AUTO_IS_NULL=0[0m
  [4;36;1mSQL (0.4ms)[0m   [0;1mSHOW TABLES[0m
  [4;35;1mSQL (1.9ms)[0m   [0mDROP TABLE `relationships`[0m
  [4;36;1mSQL (148.9ms)[0m   [0;1mCREATE TABLE `relationships` (`id` int(11) DEFAULT NULL auto_increment PRIMARY KEY, `requestor_id` int(11) NOT NULL, `requestor_type` varchar(255) NOT NULL, `requestee_id` int(11) NOT NULL, `requestee_type` varchar(255) NOT NULL, `restricted` tinyint(1) DEFAULT 1, `created_at` datetime, `updated_at` datetime) ENGINE=InnoDB[0m
  [4;35;1mSQL (0.7ms)[0m   [0mSHOW TABLES[0m
  [4;36;1mSQL (19.4ms)[0m   [0;1mDROP TABLE `friend_classes`[0m
  [4;35;1mSQL (252.0ms)[0m   [0mCREATE TABLE `friend_classes` (`id` int(11) DEFAULT NULL auto_increment PRIMARY KEY, `created_at` datetime, `updated_at` datetime) ENGINE=InnoDB[0m
  [4;36;1mSQL (0.8ms)[0m   [0;1mSHOW TABLES[0m
  [4;35;1mSQL (1.6ms)[0m   [0mDROP TABLE `follower_classes`[0m
  [4;36;1mSQL (130.0ms)[0m   [0;1mCREATE TABLE `follower_classes` (`id` int(11) DEFAULT NULL auto_increment PRIMARY KEY, `created_at` datetime, `updated_at` datetime) ENGINE=InnoDB[0m
  [4;35;1mSQL (0.8ms)[0m   [0mSHOW TABLES[0m
  [4;36;1mSQL (0.3ms)[0m   [0;1mSELECT version FROM `schema_migrations`[0m
  [4;35;1mFollowerClass Columns (1.5ms)[0m   [0mSHOW FIELDS FROM `follower_classes`[0m
  [4;36;1mFriendClass Columns (1.3ms)[0m   [0;1mSHOW FIELDS FROM `friend_classes`[0m
  [4;36;1mSQL (0.2ms)[0m   [0;1mSET NAMES 'utf8'[0m
  [4;35;1mSQL (0.1ms)[0m   [0mSET SQL_AUTO_IS_NULL=0[0m
  [4;36;1mSQL (0.4ms)[0m   [0;1mSHOW TABLES[0m
  [4;35;1mSQL (1.8ms)[0m   [0mDROP TABLE `relationships`[0m
  [4;36;1mSQL (104.6ms)[0m   [0;1mCREATE TABLE `relationships` (`id` int(11) DEFAULT NULL auto_increment PRIMARY KEY, `requestor_id` int(11) NOT NULL, `requestor_type` varchar(255) NOT NULL, `requestee_id` int(11) NOT NULL, `requestee_type` varchar(255) NOT NULL, `restricted` tinyint(1) DEFAULT 1, `created_at` datetime, `updated_at` datetime) ENGINE=InnoDB[0m
  [4;35;1mSQL (3.2ms)[0m   [0mSHOW TABLES[0m
  [4;36;1mSQL (1.7ms)[0m   [0;1mDROP TABLE `friend_classes`[0m
  [4;35;1mSQL (128.2ms)[0m   [0mCREATE TABLE `friend_classes` (`id` int(11) DEFAULT NULL auto_increment PRIMARY KEY, `created_at` datetime, `updated_at` datetime) ENGINE=InnoDB[0m
  [4;36;1mSQL (0.6ms)[0m   [0;1mSHOW TABLES[0m
  [4;35;1mSQL (2.4ms)[0m   [0mDROP TABLE `follower_classes`[0m
  [4;36;1mSQL (118.8ms)[0m   [0;1mCREATE TABLE `follower_classes` (`id` int(11) DEFAULT NULL auto_increment PRIMARY KEY, `created_at` datetime, `updated_at` datetime) ENGINE=InnoDB[0m
  [4;35;1mSQL (0.8ms)[0m   [0mSHOW TABLES[0m
  [4;36;1mSQL (0.3ms)[0m   [0;1mSELECT version FROM `schema_migrations`[0m
  [4;35;1mFollowerClass Columns (1.5ms)[0m   [0mSHOW FIELDS FROM `follower_classes`[0m
  [4;36;1mFriendClass Columns (2.1ms)[0m   [0;1mSHOW FIELDS FROM `friend_classes`[0m
